#
# There is insufficient memory for the Java Runtime Environment to continue.
# Native memory allocation (mmap) failed to map 266338304 bytes for G1 virtual space
# Possible reasons:
#   The system is out of physical RAM or swap space
#   The process is running with CompressedOops enabled, and the Java Heap may be blocking the growth of the native heap
# Possible solutions:
#   Reduce memory load on the system
#   Increase physical memory or swap space
#   Check if swap backing store is full
#   Decrease Java heap size (-Xmx/-Xms)
#   Decrease number of Java threads
#   Decrease Java thread stack sizes (-Xss)
#   Set larger code cache with -XX:ReservedCodeCacheSize=
#   JVM is running with Zero Based Compressed Oops mode in which the Java heap is
#     placed in the first 32GB address space. The Java Heap base address is the
#     maximum limit for the native heap growth. Please use -XX:HeapBaseMinAddress
#     to set the Java Heap base and to place the Java Heap above 32GB virtual address.
# This output file may be truncated or incomplete.
#
#  Out of Memory Error (os_windows.cpp:3600), pid=30260, tid=20596
#
# JRE version:  (21.0.4+8) (build )
# Java VM: Java HotSpot(TM) 64-Bit Server VM (21.0.4+8-LTS-274, mixed mode, sharing, tiered, compressed oops, compressed class ptrs, g1 gc, windows-amd64)
# No core dump will be written. Minidumps are not enabled by default on client versions of Windows
#

---------------  S U M M A R Y ------------

Command Line: -javaagent:D:\Java\IDEA\IntelliJ IDEA 2024.2.1\lib\idea_rt.jar=13580:D:\Java\IDEA\IntelliJ IDEA 2024.2.1\bin -Dfile.encoding=UTF-8 -Dsun.stdout.encoding=UTF-8 -Dsun.stderr.encoding=UTF-8 test

Host: 13th Gen Intel(R) Core(TM) i5-13400F, 16 cores, 15G,  Windows 11 , 64 bit Build 22621 (10.0.22621.4391)
Time: Wed Dec 25 17:37:40 2024  Windows 11 , 64 bit Build 22621 (10.0.22621.4391) elapsed time: 0.011029 seconds (0d 0h 0m 0s)

---------------  T H R E A D  ---------------

Current thread (0x000001bcf5cbac10):  JavaThread "Unknown thread" [_thread_in_vm, id=20596, stack(0x0000005d26a00000,0x0000005d26b00000) (1024K)]

Stack: [0x0000005d26a00000,0x0000005d26b00000]
Native frames: (J=compiled Java code, j=interpreted, Vv=VM code, C=native code)
V  [jvm.dll+0x6c8e59]
V  [jvm.dll+0x853181]
V  [jvm.dll+0x8556ae]
V  [jvm.dll+0x855d83]
V  [jvm.dll+0x27d526]
V  [jvm.dll+0x6c55f5]
V  [jvm.dll+0x6ba17a]
V  [jvm.dll+0x352a8a]
V  [jvm.dll+0x35a6e6]
V  [jvm.dll+0x3acdae]
V  [jvm.dll+0x3ad058]
V  [jvm.dll+0x326dec]
V  [jvm.dll+0x32794b]
V  [jvm.dll+0x81c569]
V  [jvm.dll+0x3b9a11]
V  [jvm.dll+0x805948]
V  [jvm.dll+0x44ec5e]
V  [jvm.dll+0x450851]
C  [jli.dll+0x52a3]
C  [ucrtbase.dll+0x29333]
C  [KERNEL32.DLL+0x1259d]
C  [ntdll.dll+0x5af38]


---------------  P R O C E S S  ---------------

Threads class SMR info:
_java_thread_list=0x00007ffa64046c08, length=0, elements={
}

Java Threads: ( => current thread )
Total: 0

Other Threads:
  0x000001bcf5d21460 WorkerThread "GC Thread#0"                     [id=15660, stack(0x0000005d26b00000,0x0000005d26c00000) (1024K)]
  0x000001bcf5d320b0 ConcurrentGCThread "G1 Main Marker"            [id=32588, stack(0x0000005d26c00000,0x0000005d26d00000) (1024K)]
  0x000001bcf5d32950 WorkerThread "G1 Conc#0"                       [id=30164, stack(0x0000005d26d00000,0x0000005d26e00000) (1024K)]

[error occurred during error reporting (printing all threads), id 0xc0000005, EXCEPTION_ACCESS_VIOLATION (0xc0000005) at pc=0x00007ffa637b9577]
VM state: not at safepoint (not fully initialized)

VM Mutex/Monitor currently owned by a thread:  ([mutex/lock_event])
[0x00007ffa640b7f98] Heap_lock - owner thread: 0x000001bcf5cbac10

Heap address: 0x0000000702e00000, size: 4050 MB, Compressed Oops mode: Zero based, Oop shift amount: 3

CDS archive(s) mapped at: [0x0000000000000000-0x0000000000000000-0x0000000000000000), size 0, SharedBaseAddress: 0x0000000800000000, ArchiveRelocationMode: 1.
Narrow klass base: 0x0000000000000000, Narrow klass shift: 0, Narrow klass range: 0x0

GC Precious Log:
 CardTable entry size: 512
 Card Set container configuration: InlinePtr #cards 4 size 8 Array Of Cards #cards 16 size 48 Howl #buckets 8 coarsen threshold 3686 Howl Bitmap #cards 512 size 80 coarsen threshold 460 Card regions per heap region 1 cards per card region 4096

Heap:
 garbage-first heap   total 0K, used 0K [0x0000000702e00000, 0x0000000800000000)
  region size 2048K, 0 young (0K), 0 survivors (0K)

[error occurred during error reporting (printing heap information), id 0xc0000005, EXCEPTION_ACCESS_VIOLATION (0xc0000005) at pc=0x00007ffa63ba1df9]
GC Heap History (0 events):
No events

Dll operation events (1 events):
Event: 0.008 Loaded shared library D:\Java\JDK\bin\java.dll

Deoptimization events (0 events):
No events

Classes loaded (0 events):
No events

Classes unloaded (0 events):
No events

Classes redefined (0 events):
No events

Internal exceptions (0 events):
No events

ZGC Phase Switch (0 events):
No events

VM Operations (0 events):
No events

Events (0 events):
No events


Dynamic libraries:
0x00007ff6f6d50000 - 0x00007ff6f6d60000 	D:\Java\JDK\bin\java.exe
0x00007ffade410000 - 0x00007ffade627000 	C:\Windows\SYSTEM32\ntdll.dll
0x00007ffadd0d0000 - 0x00007ffadd194000 	C:\Windows\System32\KERNEL32.DLL
0x00007ffadb5e0000 - 0x00007ffadb99a000 	C:\Windows\System32\KERNELBASE.dll
0x00007ffadbae0000 - 0x00007ffadbbf1000 	C:\Windows\System32\ucrtbase.dll
0x00007ffabc520000 - 0x00007ffabc53b000 	D:\Java\JDK\bin\VCRUNTIME140.dll
0x00007ffab7890000 - 0x00007ffab78a9000 	D:\Java\JDK\bin\jli.dll
0x00007ffaddb00000 - 0x00007ffaddbb2000 	C:\Windows\System32\ADVAPI32.dll
0x00007ffadd4d0000 - 0x00007ffadd577000 	C:\Windows\System32\msvcrt.dll
0x00007ffadd6e0000 - 0x00007ffadd787000 	C:\Windows\System32\sechost.dll
0x00007ffadbc80000 - 0x00007ffadbca8000 	C:\Windows\System32\bcrypt.dll
0x00007ffadd830000 - 0x00007ffadd944000 	C:\Windows\System32\RPCRT4.dll
0x00007ffadd950000 - 0x00007ffaddafe000 	C:\Windows\System32\USER32.dll
0x00007ffadb2c0000 - 0x00007ffadb2e6000 	C:\Windows\System32\win32u.dll
0x00007ffadd790000 - 0x00007ffadd7b9000 	C:\Windows\System32\GDI32.dll
0x00007ffadb2f0000 - 0x00007ffadb40b000 	C:\Windows\System32\gdi32full.dll
0x00007ffac4a10000 - 0x00007ffac4ca2000 	C:\Windows\WinSxS\amd64_microsoft.windows.common-controls_6595b64144ccf1df_6.0.22621.4541_none_2710d1c57384c085\COMCTL32.dll
0x00007ffadbd30000 - 0x00007ffadbdca000 	C:\Windows\System32\msvcp_win.dll
0x00007ffad21d0000 - 0x00007ffad21da000 	C:\Windows\SYSTEM32\VERSION.dll
0x00007ffadd490000 - 0x00007ffadd4c1000 	C:\Windows\System32\IMM32.DLL
0x00007ffac54b0000 - 0x00007ffac54bc000 	D:\Java\JDK\bin\vcruntime140_1.dll
0x00007ffa8f560000 - 0x00007ffa8f5ee000 	D:\Java\JDK\bin\msvcp140.dll
0x00007ffa63480000 - 0x00007ffa64193000 	D:\Java\JDK\bin\server\jvm.dll
0x00007ffadbce0000 - 0x00007ffadbd2d000 	C:\Windows\System32\POWRPROF.dll
0x00007ffadd2a0000 - 0x00007ffadd311000 	C:\Windows\System32\WS2_32.dll
0x00007ffaccbf0000 - 0x00007ffaccc24000 	C:\Windows\SYSTEM32\WINMM.dll
0x00007ffadb1b0000 - 0x00007ffadb1c3000 	C:\Windows\SYSTEM32\UMPDC.dll
0x00007ffada300000 - 0x00007ffada318000 	C:\Windows\SYSTEM32\kernel.appcore.dll
0x00007ffac5470000 - 0x00007ffac547a000 	D:\Java\JDK\bin\jimage.dll
0x00007fface240000 - 0x00007fface472000 	C:\Windows\SYSTEM32\DBGHELP.DLL
0x00007ffaddbc0000 - 0x00007ffaddf4f000 	C:\Windows\System32\combase.dll
0x00007ffadc110000 - 0x00007ffadc1e7000 	C:\Windows\System32\OLEAUT32.dll
0x00007ffab78b0000 - 0x00007ffab78e2000 	C:\Windows\SYSTEM32\dbgcore.DLL
0x00007ffadba60000 - 0x00007ffadbadb000 	C:\Windows\System32\bcryptPrimitives.dll
0x00007ffabac80000 - 0x00007ffabac8f000 	D:\Java\JDK\bin\instrument.dll
0x00007ffaa5450000 - 0x00007ffaa546f000 	D:\Java\JDK\bin\java.dll

dbghelp: loaded successfully - version: 4.0.5 - missing functions: none
symbol engine: initialized successfully - sym options: 0x614 - pdb path: .;D:\Java\JDK\bin;C:\Windows\SYSTEM32;C:\Windows\WinSxS\amd64_microsoft.windows.common-controls_6595b64144ccf1df_6.0.22621.4541_none_2710d1c57384c085;D:\Java\JDK\bin\server

VM Arguments:
jvm_args: -javaagent:D:\Java\IDEA\IntelliJ IDEA 2024.2.1\lib\idea_rt.jar=13580:D:\Java\IDEA\IntelliJ IDEA 2024.2.1\bin -Dfile.encoding=UTF-8 -Dsun.stdout.encoding=UTF-8 -Dsun.stderr.encoding=UTF-8 
java_command: test
java_class_path (initial): D:\Onedrive\Download\Course\Java Programming\สตั้\out\production\Experiment4
Launcher Type: SUN_STANDARD

[Global flags]
     intx CICompilerCount                          = 12                                        {product} {ergonomic}
     uint ConcGCThreads                            = 3                                         {product} {ergonomic}
     uint G1ConcRefinementThreads                  = 13                                        {product} {ergonomic}
   size_t G1HeapRegionSize                         = 2097152                                   {product} {ergonomic}
    uintx GCDrainStackTargetSize                   = 64                                        {product} {ergonomic}
   size_t InitialHeapSize                          = 266338304                                 {product} {ergonomic}
   size_t MarkStackSize                            = 4194304                                   {product} {ergonomic}
   size_t MaxHeapSize                              = 4246732800                                {product} {ergonomic}
   size_t MinHeapDeltaBytes                        = 2097152                                   {product} {ergonomic}
   size_t MinHeapSize                              = 8388608                                   {product} {ergonomic}
    uintx NonNMethodCodeHeapSize                   = 7602480                                {pd product} {ergonomic}
    uintx NonProfiledCodeHeapSize                  = 122027880                              {pd product} {ergonomic}
    uintx ProfiledCodeHeapSize                     = 122027880                              {pd product} {ergonomic}
    uintx ReservedCodeCacheSize                    = 251658240                              {pd product} {ergonomic}
     bool SegmentedCodeCache                       = true                                      {product} {ergonomic}
   size_t SoftMaxHeapSize                          = 4246732800                             {manageable} {ergonomic}
     bool UseCompressedOops                        = true                           {product lp64_product} {ergonomic}
     bool UseG1GC                                  = true                                      {product} {ergonomic}
     bool UseLargePagesIndividualAllocation        = false                                  {pd product} {ergonomic}

Logging:
Log output configuration:
 #0: stdout all=warning uptime,level,tags foldmultilines=false
 #1: stderr all=off uptime,level,tags foldmultilines=false

Environment Variables:
JAVA_HOME=D:\Java\JDK
PATH=C:\Program Files\Common Files\Oracle\Java\javapath;C:\Program Files (x86)\Razer Chroma SDK\bin;C:\Program Files\Razer Chroma SDK\bin;C:\Program Files (x86)\Razer\ChromaBroadcast\bin;C:\Program Files\Razer\ChromaBroadcast\bin;C:\Windows\system32;C:\Windows;C:\Windows\System32\Wbem;C:\Windows\System32\WindowsPowerShell\v1.0\;C:\Windows\System32\OpenSSH\;C:\Windows\system32\config\systemprofile\AppData\Local\Microsoft\WindowsApps;C:\Users\Admin\AppData\Local\Microsoft\WindowsApps;C:\Program Files (x86)\Tencent\QQGameTempest\Hall.57986\;D:\Vscode\Microsoft VS Code\bin;D:\Vscode\mingw64\bin;C:\Program Files\dotnet\;C:\Program Files\Git\cmd;D:\TortoiseGit\bin;C:\Program Files\NVIDIA Corporation\NVIDIA NvDLISR;C:\Program Files (x86)\NVIDIA Corporation\PhysX\Common;D:\Windows Kits\10\Windows Performance Toolkit\;D:\Java\JDK\bin;C:\Program Files\Common Files\Oracle\Java\javapath;D:\Python 3.12.4\Scripts\;D:\Python 3.12.4\;C:\Users\Admin\AppData\Local\Microsoft\WindowsApps;C:\Program Files (x86)\Tencent\QQGameTempest\Hall.57986\;D:\Vscode\Microsoft VS Code\bin;D:\Vscode\mingw64\bin;C:\Users\Admin\.dotnet\tools;D:\Clion\CLion 2023.3.4\bin;D:\PyCharm 2024.1.4\bin;D:\Java\IDEA\IntelliJ IDEA 2024.2.1\bin;C:\Users\Admin\AppData\Local\gitkraken\bin;C:\Program Files\mingw64\bin;
USERNAME=Admin
OS=Windows_NT
PROCESSOR_IDENTIFIER=Intel64 Family 6 Model 191 Stepping 2, GenuineIntel
TMP=C:\Users\Admin\AppData\Local\Temp
TEMP=C:\Users\Admin\AppData\Local\Temp




Periodic native trim disabled

---------------  S Y S T E M  ---------------

OS:
 Windows 11 , 64 bit Build 22621 (10.0.22621.4391)
OS uptime: 0 days 7:22 hours
Hyper-V role detected

CPU: total 16 (initial active 16) (8 cores per cpu, 2 threads per core) family 6 model 191 stepping 2 microcode 0x2c, cx8, cmov, fxsr, ht, mmx, 3dnowpref, sse, sse2, sse3, ssse3, sse4.1, sse4.2, popcnt, lzcnt, tsc, tscinvbit, avx, avx2, aes, erms, clmul, bmi1, bmi2, adx, sha, fma, vzeroupper, clflush, clflushopt, clwb, hv, serialize, rdtscp, rdpid, fsrm, f16c, cet_ibt, cet_ss
Processor Information for all 16 processors :
  Max Mhz: 2500, Current Mhz: 2500, Mhz Limit: 2500

Memory: 4k page, system-wide physical 16197M (2641M free)
TotalPageFile size 24389M (AvailPageFile size 185M)
current process WorkingSet (physical memory assigned to process): 12M, peak: 12M
current process commit charge ("private bytes"): 70M, peak: 324M

vm_info: Java HotSpot(TM) 64-Bit Server VM (21.0.4+8-LTS-274) for windows-amd64 JRE (21.0.4+8-LTS-274), built on 2024-06-05T05:23:33Z by "mach5one" with MS VC++ 17.6 (VS2022)

END.
